<?xml version="1.0" encoding="UTF-8"?>
<testng-results skipped="0" failed="0" ignored="0" total="0" passed="0">
  <reporter-output>
  </reporter-output>
  <suite name="testbase.TestBase" duration-ms="0" started-at="2017-10-21T03:37:10Z" finished-at="2017-10-21T03:37:10Z">
    <groups>
    </groups>
    <test name="Command line test" duration-ms="0" started-at="2017-10-21T03:37:10Z" finished-at="2017-10-21T03:37:10Z">
    </test> <!-- Command line test -->
  </suite> <!-- testbase.TestBase -->
</testng-results>
